Connecting to database specified by database.yml


Started GET "/assets/rails.png" for 127.0.0.1 at 2013-04-16 09:05:04 -0300
Served asset /rails.png - 200 OK (4ms)


Started GET "/rails/info/properties" for 127.0.0.1 at 2013-04-16 09:05:18 -0300
Processing by Rails::InfoController#properties as HTML
  Rendered inline template (1.0ms)
Completed 200 OK in 7ms (Views: 6.1ms | ActiveRecord: 0.0ms)
Connecting to database specified by database.yml


Started GET "/assets/rails.png" for 127.0.0.1 at 2013-04-26 09:53:38 -0300
Served asset /rails.png - 304 Not Modified (6ms)
Connecting to database specified by database.yml
Connecting to database specified by database.yml
  [1m[36m (0.3ms)[0m  [1mselect sqlite_version(*)[0m
  [1m[35m (44.9ms)[0m  CREATE TABLE "schema_migrations" ("version" varchar(255) NOT NULL) 
  [1m[36m (13.0ms)[0m  [1mCREATE UNIQUE INDEX "unique_schema_migrations" ON "schema_migrations" ("version")[0m
  [1m[35m (0.4ms)[0m  SELECT "schema_migrations"."version" FROM "schema_migrations" 
Migrating to CreateUsers (20130426125436)
  [1m[36m (0.2ms)[0m  [1mbegin transaction[0m
  [1m[35m (1.2ms)[0m  CREATE TABLE "users" ("id" INTEGER PRIMARY KEY AUTOINCREMENT NOT NULL, "name" varchar(255), "email" varchar(255), "created_at" datetime NOT NULL, "updated_at" datetime NOT NULL) 
  [1m[36m (3.0ms)[0m  [1mINSERT INTO "schema_migrations" ("version") VALUES ('20130426125436')[0m
  [1m[35m (38.4ms)[0m  commit transaction
  [1m[36m (0.3ms)[0m  [1mSELECT "schema_migrations"."version" FROM "schema_migrations" [0m
Connecting to database specified by database.yml


Started GET "/assets/rails.png" for 127.0.0.1 at 2013-04-26 09:55:32 -0300
Served asset /rails.png - 304 Not Modified (48ms)
Connecting to database specified by database.yml


Started GET "/users" for 127.0.0.1 at 2013-04-26 09:56:04 -0300
Processing by UsersController#index as HTML
  [1m[36mUser Load (0.7ms)[0m  [1mSELECT "users".* FROM "users" [0m
  Rendered users/index.html.erb within layouts/application (8.5ms)
Compiled scaffolds.css  (146ms)  (pid 25773)
Compiled users.css  (4ms)  (pid 25773)
Compiled application.css  (177ms)  (pid 25773)
Compiled jquery.js  (17ms)  (pid 25773)
Compiled jquery_ujs.js  (2ms)  (pid 25773)
Compiled users.js  (965ms)  (pid 25773)
Compiled application.js  (1032ms)  (pid 25773)
Completed 200 OK in 1497ms (Views: 1426.5ms | ActiveRecord: 10.4ms)


Started GET "/assets/application.css?body=1" for 127.0.0.1 at 2013-04-26 09:56:06 -0300
Served asset /application.css - 200 OK (74ms)


Started GET "/assets/scaffolds.css?body=1" for 127.0.0.1 at 2013-04-26 09:56:06 -0300
Served asset /scaffolds.css - 200 OK (10ms)


Started GET "/assets/jquery_ujs.js?body=1" for 127.0.0.1 at 2013-04-26 09:56:06 -0300
Served asset /jquery_ujs.js - 200 OK (7ms)


Started GET "/assets/users.js?body=1" for 127.0.0.1 at 2013-04-26 09:56:06 -0300
Served asset /users.js - 200 OK (10ms)


Started GET "/assets/jquery.js?body=1" for 127.0.0.1 at 2013-04-26 09:56:06 -0300
Served asset /jquery.js - 200 OK (16ms)


Started GET "/assets/users.css?body=1" for 127.0.0.1 at 2013-04-26 09:56:06 -0300
Served asset /users.css - 200 OK (10ms)


Started GET "/assets/application.js?body=1" for 127.0.0.1 at 2013-04-26 09:56:06 -0300
Served asset /application.js - 200 OK (27ms)


Started GET "/users/new" for 127.0.0.1 at 2013-04-26 09:56:09 -0300
Processing by UsersController#new as HTML
  Rendered users/_form.html.erb (132.2ms)
  Rendered users/new.html.erb within layouts/application (148.3ms)
Completed 200 OK in 228ms (Views: 204.2ms | ActiveRecord: 0.0ms)


Started GET "/assets/application.css?body=1" for 127.0.0.1 at 2013-04-26 09:56:10 -0300
Served asset /application.css - 304 Not Modified (2ms)


Started GET "/assets/scaffolds.css?body=1" for 127.0.0.1 at 2013-04-26 09:56:10 -0300
Served asset /scaffolds.css - 304 Not Modified (0ms)


Started GET "/assets/jquery_ujs.js?body=1" for 127.0.0.1 at 2013-04-26 09:56:10 -0300
Served asset /jquery_ujs.js - 304 Not Modified (0ms)


Started GET "/assets/users.js?body=1" for 127.0.0.1 at 2013-04-26 09:56:10 -0300
Served asset /users.js - 304 Not Modified (1ms)


Started GET "/assets/jquery.js?body=1" for 127.0.0.1 at 2013-04-26 09:56:10 -0300
Served asset /jquery.js - 304 Not Modified (1ms)


Started GET "/assets/users.css?body=1" for 127.0.0.1 at 2013-04-26 09:56:10 -0300
Served asset /users.css - 304 Not Modified (0ms)


Started GET "/assets/application.js?body=1" for 127.0.0.1 at 2013-04-26 09:56:10 -0300
Served asset /application.js - 304 Not Modified (3ms)


Started POST "/users" for 127.0.0.1 at 2013-04-26 09:56:21 -0300
Processing by UsersController#create as HTML
  Parameters: {"utf8"=>"✓", "authenticity_token"=>"2Z8qb8PxnNZ12Yo/jsK/eQgSAL1UTsKNEu5NGA0bHG8=", "user"=>{"name"=>"Mariano", "email"=>"mariano@cubedr.com"}, "commit"=>"Create User"}
  [1m[35m (0.6ms)[0m  begin transaction
  [1m[36mSQL (12.9ms)[0m  [1mINSERT INTO "users" ("created_at", "email", "name", "updated_at") VALUES (?, ?, ?, ?)[0m  [["created_at", Fri, 26 Apr 2013 12:56:21 UTC +00:00], ["email", "mariano@cubedr.com"], ["name", "Mariano"], ["updated_at", Fri, 26 Apr 2013 12:56:21 UTC +00:00]]
  [1m[35m (77.7ms)[0m  commit transaction
Redirected to http://0.0.0.0:3000/users/1
Completed 302 Found in 112ms (ActiveRecord: 91.2ms)


Started GET "/users/1" for 127.0.0.1 at 2013-04-26 09:56:21 -0300
Processing by UsersController#show as HTML
  Parameters: {"id"=>"1"}
  [1m[36mUser Load (0.8ms)[0m  [1mSELECT "users".* FROM "users" WHERE "users"."id" = ? LIMIT 1[0m  [["id", "1"]]
  Rendered users/show.html.erb within layouts/application (4.3ms)
Completed 200 OK in 66ms (Views: 56.1ms | ActiveRecord: 0.8ms)


Started GET "/assets/users.css?body=1" for 127.0.0.1 at 2013-04-26 09:56:21 -0300
Served asset /users.css - 304 Not Modified (0ms)


Started GET "/assets/scaffolds.css?body=1" for 127.0.0.1 at 2013-04-26 09:56:21 -0300
Served asset /scaffolds.css - 304 Not Modified (0ms)


Started GET "/assets/jquery_ujs.js?body=1" for 127.0.0.1 at 2013-04-26 09:56:21 -0300
Served asset /jquery_ujs.js - 304 Not Modified (0ms)


Started GET "/assets/application.css?body=1" for 127.0.0.1 at 2013-04-26 09:56:21 -0300
Served asset /application.css - 304 Not Modified (2ms)


Started GET "/assets/jquery.js?body=1" for 127.0.0.1 at 2013-04-26 09:56:21 -0300
Served asset /jquery.js - 304 Not Modified (7ms)


Started GET "/assets/users.js?body=1" for 127.0.0.1 at 2013-04-26 09:56:21 -0300
Served asset /users.js - 304 Not Modified (0ms)


Started GET "/assets/application.js?body=1" for 127.0.0.1 at 2013-04-26 09:56:21 -0300
Served asset /application.js - 304 Not Modified (2ms)


Started GET "/users" for 127.0.0.1 at 2013-04-26 09:56:26 -0300
Processing by UsersController#index as HTML
  [1m[35mUser Load (0.5ms)[0m  SELECT "users".* FROM "users" 
  Rendered users/index.html.erb within layouts/application (5.4ms)
Completed 200 OK in 51ms (Views: 46.8ms | ActiveRecord: 0.5ms)


Started GET "/assets/users.js?body=1" for 127.0.0.1 at 2013-04-26 09:56:27 -0300
Served asset /users.js - 304 Not Modified (0ms)


Started GET "/assets/jquery_ujs.js?body=1" for 127.0.0.1 at 2013-04-26 09:56:27 -0300
Served asset /jquery_ujs.js - 304 Not Modified (0ms)


Started GET "/assets/users.css?body=1" for 127.0.0.1 at 2013-04-26 09:56:27 -0300
Served asset /users.css - 304 Not Modified (0ms)


Started GET "/assets/scaffolds.css?body=1" for 127.0.0.1 at 2013-04-26 09:56:27 -0300
Served asset /scaffolds.css - 304 Not Modified (0ms)


Started GET "/assets/jquery.js?body=1" for 127.0.0.1 at 2013-04-26 09:56:27 -0300
Served asset /jquery.js - 304 Not Modified (2ms)


Started GET "/assets/application.css?body=1" for 127.0.0.1 at 2013-04-26 09:56:27 -0300
Served asset /application.css - 304 Not Modified (1ms)


Started GET "/assets/application.js?body=1" for 127.0.0.1 at 2013-04-26 09:56:27 -0300
Served asset /application.js - 304 Not Modified (4ms)
Connecting to database specified by database.yml


Started GET "/users" for 127.0.0.1 at 2013-04-26 14:38:47 -0300
Processing by UsersController#index as HTML
  [1m[36mUser Load (0.3ms)[0m  [1mSELECT "users".* FROM "users" [0m
  Rendered users/index.html.erb within layouts/application (9.1ms)
Completed 200 OK in 143ms (Views: 80.0ms | ActiveRecord: 3.8ms)


Started GET "/assets/application.css?body=1" for 127.0.0.1 at 2013-04-26 14:38:47 -0300
Served asset /application.css - 304 Not Modified (95ms)


Started GET "/assets/jquery_ujs.js?body=1" for 127.0.0.1 at 2013-04-26 14:38:47 -0300
Served asset /jquery_ujs.js - 304 Not Modified (5ms)


Started GET "/assets/scaffolds.css?body=1" for 127.0.0.1 at 2013-04-26 14:38:47 -0300
Served asset /scaffolds.css - 304 Not Modified (10ms)


Started GET "/assets/jquery.js?body=1" for 127.0.0.1 at 2013-04-26 14:38:47 -0300
Served asset /jquery.js - 304 Not Modified (10ms)


Started GET "/assets/users.css?body=1" for 127.0.0.1 at 2013-04-26 14:38:47 -0300
Served asset /users.css - 304 Not Modified (7ms)


Started GET "/assets/users.js?body=1" for 127.0.0.1 at 2013-04-26 14:38:47 -0300
Served asset /users.js - 304 Not Modified (9ms)


Started GET "/assets/application.js?body=1" for 127.0.0.1 at 2013-04-26 14:38:47 -0300
Served asset /application.js - 304 Not Modified (22ms)
Connecting to database specified by database.yml


Started GET "/users" for 127.0.0.1 at 2013-04-26 14:40:57 -0300
Processing by UsersController#index as HTML
  [1m[36mUser Load (0.3ms)[0m  [1mSELECT "users".* FROM "users" [0m
  Rendered users/index.html.erb within layouts/application (9.2ms)
Completed 200 OK in 143ms (Views: 86.2ms | ActiveRecord: 3.2ms)


Started GET "/assets/application.css?body=1" for 127.0.0.1 at 2013-04-26 14:40:57 -0300
Served asset /application.css - 304 Not Modified (84ms)


Started GET "/assets/scaffolds.css?body=1" for 127.0.0.1 at 2013-04-26 14:40:57 -0300
Served asset /scaffolds.css - 304 Not Modified (23ms)


Started GET "/assets/jquery.js?body=1" for 127.0.0.1 at 2013-04-26 14:40:57 -0300
Served asset /jquery.js - 304 Not Modified (12ms)


Started GET "/assets/jquery_ujs.js?body=1" for 127.0.0.1 at 2013-04-26 14:40:57 -0300
Served asset /jquery_ujs.js - 304 Not Modified (15ms)


Started GET "/assets/users.css?body=1" for 127.0.0.1 at 2013-04-26 14:40:57 -0300
Served asset /users.css - 304 Not Modified (9ms)


Started GET "/assets/application.js?body=1" for 127.0.0.1 at 2013-04-26 14:40:57 -0300
Served asset /application.js - 304 Not Modified (20ms)


Started GET "/assets/users.js?body=1" for 127.0.0.1 at 2013-04-26 14:40:57 -0300
Served asset /users.js - 304 Not Modified (4ms)
Connecting to database specified by database.yml


Started GET "/users" for 127.0.0.1 at 2013-04-26 14:45:55 -0300
Processing by UsersController#index as HTML
  [1m[36mUser Load (0.3ms)[0m  [1mSELECT "users".* FROM "users" [0m
  Rendered users/index.html.erb within layouts/application (57.9ms)
Completed 500 Internal Server Error in 130ms

ActionView::Template::Error (undefined method `home_path' for #<#<Class:0xad35a18>:0xad4f5bc>):
    24: 
    25: <%= link_to 'New User', new_user_path %>
    26: 
    27: <p><%= link_to "JPEG", home_path("jpeg") %></p>
  app/views/users/index.html.erb:27:in `_app_views_users_index_html_erb___1025251111_91115880'
  app/controllers/users_controller.rb:7:in `index'


  Rendered /home/user/.rvm/gems/ruby-2.0.0-p0/gems/actionpack-3.2.13/lib/action_dispatch/middleware/templates/rescues/_trace.erb (3.9ms)
  Rendered /home/user/.rvm/gems/ruby-2.0.0-p0/gems/actionpack-3.2.13/lib/action_dispatch/middleware/templates/rescues/_request_and_response.erb (5.7ms)
  Rendered /home/user/.rvm/gems/ruby-2.0.0-p0/gems/actionpack-3.2.13/lib/action_dispatch/middleware/templates/rescues/template_error.erb within rescues/layout (28.8ms)
Connecting to database specified by database.yml


Started GET "/users" for 127.0.0.1 at 2013-04-26 14:46:45 -0300
Processing by UsersController#index as HTML
  [1m[36mUser Load (0.3ms)[0m  [1mSELECT "users".* FROM "users" [0m
  Rendered users/index.html.erb within layouts/application (9.2ms)
Completed 200 OK in 140ms (Views: 81.8ms | ActiveRecord: 3.2ms)


Started GET "/assets/application.css?body=1" for 127.0.0.1 at 2013-04-26 14:46:46 -0300
Served asset /application.css - 304 Not Modified (121ms)


Started GET "/assets/scaffolds.css?body=1" for 127.0.0.1 at 2013-04-26 14:46:46 -0300
Served asset /scaffolds.css - 304 Not Modified (5ms)


Started GET "/assets/jquery.js?body=1" for 127.0.0.1 at 2013-04-26 14:46:46 -0300
Served asset /jquery.js - 304 Not Modified (24ms)


Started GET "/assets/users.css?body=1" for 127.0.0.1 at 2013-04-26 14:46:46 -0300
Served asset /users.css - 304 Not Modified (11ms)


Started GET "/assets/jquery_ujs.js?body=1" for 127.0.0.1 at 2013-04-26 14:46:46 -0300
Served asset /jquery_ujs.js - 304 Not Modified (11ms)


Started GET "/assets/users.js?body=1" for 127.0.0.1 at 2013-04-26 14:46:46 -0300
Served asset /users.js - 304 Not Modified (10ms)


Started GET "/assets/application.js?body=1" for 127.0.0.1 at 2013-04-26 14:46:46 -0300
Served asset /application.js - 304 Not Modified (42ms)


Started GET "/users.jpeg" for 127.0.0.1 at 2013-04-26 14:46:49 -0300
Processing by UsersController#index as JPEG
  [1m[35mUser Load (0.2ms)[0m  SELECT "users".* FROM "users" 
Completed 500 Internal Server Error in 214ms

Errno::ENOENT (No such file or directory - identify):
  app/controllers/users_controller.rb:10:in `block (2 levels) in index'
  app/controllers/users_controller.rb:7:in `index'


  Rendered /home/user/.rvm/gems/ruby-2.0.0-p0/gems/actionpack-3.2.13/lib/action_dispatch/middleware/templates/rescues/_trace.erb (6.9ms)
  Rendered /home/user/.rvm/gems/ruby-2.0.0-p0/gems/actionpack-3.2.13/lib/action_dispatch/middleware/templates/rescues/_request_and_response.erb (4.8ms)
  Rendered /home/user/.rvm/gems/ruby-2.0.0-p0/gems/actionpack-3.2.13/lib/action_dispatch/middleware/templates/rescues/diagnostics.erb within rescues/layout (34.5ms)
Connecting to database specified by database.yml


Started GET "/users" for 127.0.0.1 at 2013-04-26 14:48:11 -0300
Processing by UsersController#index as HTML
  [1m[36mUser Load (0.3ms)[0m  [1mSELECT "users".* FROM "users" [0m
  Rendered users/index.html.erb within layouts/application (11.8ms)
Completed 200 OK in 151ms (Views: 88.6ms | ActiveRecord: 3.3ms)


Started GET "/assets/application.css?body=1" for 127.0.0.1 at 2013-04-26 14:48:12 -0300
Served asset /application.css - 304 Not Modified (28ms)


Started GET "/assets/scaffolds.css?body=1" for 127.0.0.1 at 2013-04-26 14:48:12 -0300
Served asset /scaffolds.css - 304 Not Modified (7ms)


Started GET "/assets/jquery.js?body=1" for 127.0.0.1 at 2013-04-26 14:48:12 -0300
Served asset /jquery.js - 304 Not Modified (10ms)


Started GET "/assets/users.css?body=1" for 127.0.0.1 at 2013-04-26 14:48:12 -0300
Served asset /users.css - 304 Not Modified (16ms)


Started GET "/assets/jquery_ujs.js?body=1" for 127.0.0.1 at 2013-04-26 14:48:12 -0300
Served asset /jquery_ujs.js - 304 Not Modified (11ms)


Started GET "/assets/users.js?body=1" for 127.0.0.1 at 2013-04-26 14:48:12 -0300
Served asset /users.js - 304 Not Modified (47ms)


Started GET "/assets/application.js?body=1" for 127.0.0.1 at 2013-04-26 14:48:12 -0300
Served asset /application.js - 304 Not Modified (35ms)


Started GET "/users.jpeg" for 127.0.0.1 at 2013-04-26 14:48:16 -0300
Processing by UsersController#index as JPEG
  [1m[35mUser Load (0.4ms)[0m  SELECT "users".* FROM "users" 
Completed 500 Internal Server Error in 197ms

Errno::ENOENT (No such file or directory - identify):
  app/controllers/users_controller.rb:10:in `block (2 levels) in index'
  app/controllers/users_controller.rb:7:in `index'


  Rendered /home/user/.rvm/gems/ruby-2.0.0-p0/gems/actionpack-3.2.13/lib/action_dispatch/middleware/templates/rescues/_trace.erb (6.4ms)
  Rendered /home/user/.rvm/gems/ruby-2.0.0-p0/gems/actionpack-3.2.13/lib/action_dispatch/middleware/templates/rescues/_request_and_response.erb (3.7ms)
  Rendered /home/user/.rvm/gems/ruby-2.0.0-p0/gems/actionpack-3.2.13/lib/action_dispatch/middleware/templates/rescues/diagnostics.erb within rescues/layout (35.8ms)
Connecting to database specified by database.yml


Started GET "/users" for 127.0.0.1 at 2013-04-26 14:53:13 -0300
Processing by UsersController#index as HTML
  [1m[36mUser Load (0.7ms)[0m  [1mSELECT "users".* FROM "users" [0m
  Rendered users/index.html.erb within layouts/application (11.9ms)
Completed 200 OK in 148ms (Views: 88.3ms | ActiveRecord: 4.3ms)


Started GET "/assets/application.css?body=1" for 127.0.0.1 at 2013-04-26 14:53:13 -0300
Served asset /application.css - 304 Not Modified (113ms)


Started GET "/assets/scaffolds.css?body=1" for 127.0.0.1 at 2013-04-26 14:53:13 -0300
Served asset /scaffolds.css - 304 Not Modified (6ms)


Started GET "/assets/jquery_ujs.js?body=1" for 127.0.0.1 at 2013-04-26 14:53:13 -0300
Served asset /jquery_ujs.js - 304 Not Modified (7ms)


Started GET "/assets/users.css?body=1" for 127.0.0.1 at 2013-04-26 14:53:13 -0300
Served asset /users.css - 304 Not Modified (5ms)


Started GET "/assets/jquery.js?body=1" for 127.0.0.1 at 2013-04-26 14:53:13 -0300
Served asset /jquery.js - 304 Not Modified (16ms)


Started GET "/assets/users.js?body=1" for 127.0.0.1 at 2013-04-26 14:53:13 -0300
Served asset /users.js - 304 Not Modified (7ms)


Started GET "/assets/application.js?body=1" for 127.0.0.1 at 2013-04-26 14:53:13 -0300
Served asset /application.js - 304 Not Modified (18ms)


Started GET "/users" for 127.0.0.1 at 2013-04-26 14:53:17 -0300
Processing by UsersController#index as HTML
  [1m[35mUser Load (0.5ms)[0m  SELECT "users".* FROM "users" 
  Rendered users/index.html.erb within layouts/application (6.8ms)
Completed 200 OK in 56ms (Views: 51.8ms | ActiveRecord: 0.5ms)


Started GET "/assets/application.css?body=1" for 127.0.0.1 at 2013-04-26 14:53:17 -0300
Served asset /application.css - 304 Not Modified (1ms)


Started GET "/assets/jquery_ujs.js?body=1" for 127.0.0.1 at 2013-04-26 14:53:17 -0300
Served asset /jquery_ujs.js - 304 Not Modified (11ms)


Started GET "/assets/scaffolds.css?body=1" for 127.0.0.1 at 2013-04-26 14:53:17 -0300
Served asset /scaffolds.css - 304 Not Modified (0ms)


Started GET "/assets/users.css?body=1" for 127.0.0.1 at 2013-04-26 14:53:17 -0300
Served asset /users.css - 304 Not Modified (0ms)


Started GET "/assets/jquery.js?body=1" for 127.0.0.1 at 2013-04-26 14:53:18 -0300
Served asset /jquery.js - 304 Not Modified (3ms)


Started GET "/assets/users.js?body=1" for 127.0.0.1 at 2013-04-26 14:53:18 -0300
Served asset /users.js - 304 Not Modified (1ms)


Started GET "/assets/application.js?body=1" for 127.0.0.1 at 2013-04-26 14:53:18 -0300
Served asset /application.js - 304 Not Modified (3ms)


Started GET "/users.jpeg" for 127.0.0.1 at 2013-04-26 14:53:20 -0300
Processing by UsersController#index as JPEG
  [1m[36mUser Load (0.4ms)[0m  [1mSELECT "users".* FROM "users" [0m
Completed 500 Internal Server Error in 199ms

Errno::ENOENT (No such file or directory - identify):
  app/controllers/users_controller.rb:11:in `block (2 levels) in index'
  app/controllers/users_controller.rb:8:in `index'


  Rendered /home/user/.rvm/gems/ruby-2.0.0-p0/gems/actionpack-3.2.13/lib/action_dispatch/middleware/templates/rescues/_trace.erb (4.4ms)
  Rendered /home/user/.rvm/gems/ruby-2.0.0-p0/gems/actionpack-3.2.13/lib/action_dispatch/middleware/templates/rescues/_request_and_response.erb (5.4ms)
  Rendered /home/user/.rvm/gems/ruby-2.0.0-p0/gems/actionpack-3.2.13/lib/action_dispatch/middleware/templates/rescues/diagnostics.erb within rescues/layout (124.3ms)
Connecting to database specified by database.yml


Started GET "/assets/rails.png" for 127.0.0.1 at 2013-04-26 14:57:33 -0300
Served asset /rails.png - 200 OK (9ms)


Started GET "/users" for 127.0.0.1 at 2013-04-26 14:57:39 -0300

SyntaxError (/home/user/Projects/qrin/app/controllers/users_controller.rb:11: syntax error, unexpected tINTEGER, expecting tSTRING_CONTENT or tSTRING_DBEG or tSTRING_DVAR or tSTRING_END
      format.svg { render options, :level => :1, :unit => 10 }
                                               ^):
  activesupport (3.2.13) lib/active_support/dependencies.rb:469:in `load'
  activesupport (3.2.13) lib/active_support/dependencies.rb:469:in `block in load_file'
  activesupport (3.2.13) lib/active_support/dependencies.rb:639:in `new_constants_in'
  activesupport (3.2.13) lib/active_support/dependencies.rb:468:in `load_file'
  activesupport (3.2.13) lib/active_support/dependencies.rb:353:in `require_or_load'
  activesupport (3.2.13) lib/active_support/dependencies.rb:502:in `load_missing_constant'
  activesupport (3.2.13) lib/active_support/dependencies.rb:192:in `block in const_missing'
  activesupport (3.2.13) lib/active_support/dependencies.rb:190:in `each'
  activesupport (3.2.13) lib/active_support/dependencies.rb:190:in `const_missing'
  activesupport (3.2.13) lib/active_support/inflector/methods.rb:230:in `block in constantize'
  activesupport (3.2.13) lib/active_support/inflector/methods.rb:229:in `each'
  activesupport (3.2.13) lib/active_support/inflector/methods.rb:229:in `constantize'
  activesupport (3.2.13) lib/active_support/dependencies.rb:554:in `get'
  actionpack (3.2.13) lib/action_dispatch/routing/route_set.rb:69:in `controller_reference'
  actionpack (3.2.13) lib/action_dispatch/routing/route_set.rb:54:in `controller'
  actionpack (3.2.13) lib/action_dispatch/routing/route_set.rb:32:in `call'
  journey (1.0.4) lib/journey/router.rb:68:in `block in call'
  journey (1.0.4) lib/journey/router.rb:56:in `each'
  journey (1.0.4) lib/journey/router.rb:56:in `call'
  actionpack (3.2.13) lib/action_dispatch/routing/route_set.rb:612:in `call'
  actionpack (3.2.13) lib/action_dispatch/middleware/best_standards_support.rb:17:in `call'
  rack (1.4.5) lib/rack/etag.rb:23:in `call'
  rack (1.4.5) lib/rack/conditionalget.rb:25:in `call'
  actionpack (3.2.13) lib/action_dispatch/middleware/head.rb:14:in `call'
  actionpack (3.2.13) lib/action_dispatch/middleware/params_parser.rb:21:in `call'
  actionpack (3.2.13) lib/action_dispatch/middleware/flash.rb:242:in `call'
  rack (1.4.5) lib/rack/session/abstract/id.rb:210:in `context'
  rack (1.4.5) lib/rack/session/abstract/id.rb:205:in `call'
  actionpack (3.2.13) lib/action_dispatch/middleware/cookies.rb:341:in `call'
  activerecord (3.2.13) lib/active_record/query_cache.rb:64:in `call'
  activerecord (3.2.13) lib/active_record/connection_adapters/abstract/connection_pool.rb:479:in `call'
  actionpack (3.2.13) lib/action_dispatch/middleware/callbacks.rb:28:in `block in call'
  activesupport (3.2.13) lib/active_support/callbacks.rb:405:in `_run__838060800__call__576194231__callbacks'
  activesupport (3.2.13) lib/active_support/callbacks.rb:405:in `__run_callback'
  activesupport (3.2.13) lib/active_support/callbacks.rb:385:in `_run_call_callbacks'
  activesupport (3.2.13) lib/active_support/callbacks.rb:81:in `run_callbacks'
  actionpack (3.2.13) lib/action_dispatch/middleware/callbacks.rb:27:in `call'
  actionpack (3.2.13) lib/action_dispatch/middleware/reloader.rb:65:in `call'
  actionpack (3.2.13) lib/action_dispatch/middleware/remote_ip.rb:31:in `call'
  actionpack (3.2.13) lib/action_dispatch/middleware/debug_exceptions.rb:16:in `call'
  actionpack (3.2.13) lib/action_dispatch/middleware/show_exceptions.rb:56:in `call'
  railties (3.2.13) lib/rails/rack/logger.rb:32:in `call_app'
  railties (3.2.13) lib/rails/rack/logger.rb:16:in `block in call'
  activesupport (3.2.13) lib/active_support/tagged_logging.rb:22:in `tagged'
  railties (3.2.13) lib/rails/rack/logger.rb:16:in `call'
  actionpack (3.2.13) lib/action_dispatch/middleware/request_id.rb:22:in `call'
  rack (1.4.5) lib/rack/methodoverride.rb:21:in `call'
  rack (1.4.5) lib/rack/runtime.rb:17:in `call'
  activesupport (3.2.13) lib/active_support/cache/strategy/local_cache.rb:72:in `call'
  rack (1.4.5) lib/rack/lock.rb:15:in `call'
  actionpack (3.2.13) lib/action_dispatch/middleware/static.rb:63:in `call'
  railties (3.2.13) lib/rails/engine.rb:479:in `call'
  railties (3.2.13) lib/rails/application.rb:223:in `call'
  rack (1.4.5) lib/rack/content_length.rb:14:in `call'
  railties (3.2.13) lib/rails/rack/log_tailer.rb:17:in `call'
  rack (1.4.5) lib/rack/handler/webrick.rb:59:in `service'
  /home/user/.rvm/rubies/ruby-2.0.0-p0/lib/ruby/2.0.0/webrick/httpserver.rb:138:in `service'
  /home/user/.rvm/rubies/ruby-2.0.0-p0/lib/ruby/2.0.0/webrick/httpserver.rb:94:in `run'
  /home/user/.rvm/rubies/ruby-2.0.0-p0/lib/ruby/2.0.0/webrick/server.rb:295:in `block in start_thread'


  Rendered /home/user/.rvm/gems/ruby-2.0.0-p0/gems/actionpack-3.2.13/lib/action_dispatch/middleware/templates/rescues/_trace.erb (3.4ms)
  Rendered /home/user/.rvm/gems/ruby-2.0.0-p0/gems/actionpack-3.2.13/lib/action_dispatch/middleware/templates/rescues/_request_and_response.erb (5.4ms)
  Rendered /home/user/.rvm/gems/ruby-2.0.0-p0/gems/actionpack-3.2.13/lib/action_dispatch/middleware/templates/rescues/diagnostics.erb within rescues/layout (28.4ms)
Connecting to database specified by database.yml


Started GET "/users" for 127.0.0.1 at 2013-04-26 14:58:17 -0300
Processing by UsersController#index as HTML
  [1m[36mUser Load (0.3ms)[0m  [1mSELECT "users".* FROM "users" [0m
  Rendered users/index.html.erb within layouts/application (10.9ms)
Completed 200 OK in 159ms (Views: 91.4ms | ActiveRecord: 4.4ms)


Started GET "/assets/application.css?body=1" for 127.0.0.1 at 2013-04-26 14:58:17 -0300
Served asset /application.css - 200 OK (11ms)


Started GET "/assets/users.css?body=1" for 127.0.0.1 at 2013-04-26 14:58:17 -0300
Served asset /users.css - 200 OK (36ms)


Started GET "/assets/users.js?body=1" for 127.0.0.1 at 2013-04-26 14:58:17 -0300
Served asset /users.js - 200 OK (24ms)


Started GET "/assets/jquery.js?body=1" for 127.0.0.1 at 2013-04-26 14:58:17 -0300
Served asset /jquery.js - 200 OK (8ms)


Started GET "/assets/jquery_ujs.js?body=1" for 127.0.0.1 at 2013-04-26 14:58:17 -0300
Served asset /jquery_ujs.js - 200 OK (10ms)


Started GET "/assets/application.js?body=1" for 127.0.0.1 at 2013-04-26 14:58:17 -0300
Served asset /application.js - 200 OK (21ms)


Started GET "/assets/scaffolds.css?body=1" for 127.0.0.1 at 2013-04-26 14:58:17 -0300
Served asset /scaffolds.css - 200 OK (7ms)


Started GET "/users.jpeg" for 127.0.0.1 at 2013-04-26 14:58:20 -0300
Processing by UsersController#index as JPEG
  [1m[35mUser Load (1.2ms)[0m  SELECT "users".* FROM "users" 
Completed 406 Not Acceptable in 8ms (ActiveRecord: 1.2ms)
Connecting to database specified by database.yml


Started GET "/users" for 127.0.0.1 at 2013-04-26 15:02:49 -0300
Processing by UsersController#index as HTML
  [1m[36mUser Load (0.4ms)[0m  [1mSELECT "users".* FROM "users" [0m
  Rendered users/index.html.erb within layouts/application (14.2ms)
Completed 500 Internal Server Error in 92ms

ActionView::Template::Error (undefined method `symbolize_keys!' for "/users.jpeg":String):
    24: 
    25: <%= link_to 'New User', new_user_path %>
    26: 
    27: <p><%= image_tag "JPEG", users_path("jpeg") %></p>
  app/views/users/index.html.erb:27:in `_app_views_users_index_html_erb___744863111_82777060'
  app/controllers/users_controller.rb:8:in `index'


  Rendered /home/user/.rvm/gems/ruby-2.0.0-p0/gems/actionpack-3.2.13/lib/action_dispatch/middleware/templates/rescues/_trace.erb (4.5ms)
  Rendered /home/user/.rvm/gems/ruby-2.0.0-p0/gems/actionpack-3.2.13/lib/action_dispatch/middleware/templates/rescues/_request_and_response.erb (3.0ms)
  Rendered /home/user/.rvm/gems/ruby-2.0.0-p0/gems/actionpack-3.2.13/lib/action_dispatch/middleware/templates/rescues/template_error.erb within rescues/layout (25.8ms)
Connecting to database specified by database.yml


Started GET "/users" for 127.0.0.1 at 2013-04-26 15:03:50 -0300
Processing by UsersController#index as HTML
  [1m[36mUser Load (0.3ms)[0m  [1mSELECT "users".* FROM "users" [0m
  Rendered users/index.html.erb within layouts/application (10.3ms)
Completed 200 OK in 152ms (Views: 83.6ms | ActiveRecord: 3.9ms)


Started GET "/assets/application.css?body=1" for 127.0.0.1 at 2013-04-26 15:03:51 -0300
Served asset /application.css - 304 Not Modified (110ms)


Started GET "/assets/scaffolds.css?body=1" for 127.0.0.1 at 2013-04-26 15:03:51 -0300
Served asset /scaffolds.css - 304 Not Modified (5ms)


Started GET "/assets/users.css?body=1" for 127.0.0.1 at 2013-04-26 15:03:51 -0300
Served asset /users.css - 304 Not Modified (4ms)


Started GET "/assets/jquery.js?body=1" for 127.0.0.1 at 2013-04-26 15:03:51 -0300
Served asset /jquery.js - 304 Not Modified (10ms)


Started GET "/assets/jquery_ujs.js?body=1" for 127.0.0.1 at 2013-04-26 15:03:51 -0300
Served asset /jquery_ujs.js - 304 Not Modified (14ms)


Started GET "/assets/application.js?body=1" for 127.0.0.1 at 2013-04-26 15:03:51 -0300
Served asset /application.js - 304 Not Modified (20ms)


Started GET "/assets/users.js?body=1" for 127.0.0.1 at 2013-04-26 15:03:51 -0300
Served asset /users.js - 304 Not Modified (9ms)


Started GET "/users.svg" for 127.0.0.1 at 2013-04-26 15:03:51 -0300
Processing by UsersController#index as SVG
  [1m[35mUser Load (0.5ms)[0m  SELECT "users".* FROM "users" 
  Rendered text template (0.1ms)
Completed 200 OK in 205ms (Views: 201.3ms | ActiveRecord: 0.5ms)
Connecting to database specified by database.yml


Started GET "/assets/rails.png" for 127.0.0.1 at 2013-05-01 20:23:42 -0300
Served asset /rails.png - 304 Not Modified (2ms)
Connecting to database specified by database.yml
Connecting to database specified by database.yml


Started GET "/home" for 127.0.0.1 at 2013-05-01 20:27:56 -0300

ActionController::RoutingError (No route matches [GET] "/home"):
  actionpack (3.2.13) lib/action_dispatch/middleware/debug_exceptions.rb:21:in `call'
  actionpack (3.2.13) lib/action_dispatch/middleware/show_exceptions.rb:56:in `call'
  railties (3.2.13) lib/rails/rack/logger.rb:32:in `call_app'
  railties (3.2.13) lib/rails/rack/logger.rb:16:in `block in call'
  activesupport (3.2.13) lib/active_support/tagged_logging.rb:22:in `tagged'
  railties (3.2.13) lib/rails/rack/logger.rb:16:in `call'
  actionpack (3.2.13) lib/action_dispatch/middleware/request_id.rb:22:in `call'
  rack (1.4.5) lib/rack/methodoverride.rb:21:in `call'
  rack (1.4.5) lib/rack/runtime.rb:17:in `call'
  activesupport (3.2.13) lib/active_support/cache/strategy/local_cache.rb:72:in `call'
  rack (1.4.5) lib/rack/lock.rb:15:in `call'
  actionpack (3.2.13) lib/action_dispatch/middleware/static.rb:63:in `call'
  railties (3.2.13) lib/rails/engine.rb:479:in `call'
  railties (3.2.13) lib/rails/application.rb:223:in `call'
  rack (1.4.5) lib/rack/content_length.rb:14:in `call'
  railties (3.2.13) lib/rails/rack/log_tailer.rb:17:in `call'
  rack (1.4.5) lib/rack/handler/webrick.rb:59:in `service'
  /home/user/.rvm/rubies/ruby-2.0.0-p0/lib/ruby/2.0.0/webrick/httpserver.rb:138:in `service'
  /home/user/.rvm/rubies/ruby-2.0.0-p0/lib/ruby/2.0.0/webrick/httpserver.rb:94:in `run'
  /home/user/.rvm/rubies/ruby-2.0.0-p0/lib/ruby/2.0.0/webrick/server.rb:295:in `block in start_thread'


  Rendered /home/user/.rvm/gems/ruby-2.0.0-p0/gems/actionpack-3.2.13/lib/action_dispatch/middleware/templates/rescues/routing_error.erb within rescues/layout (1.6ms)


Started GET "/static_pages/home" for 127.0.0.1 at 2013-05-01 20:28:25 -0300
Processing by StaticPagesController#home as HTML
  Rendered static_pages/home.html.erb within layouts/application (0.4ms)
Compiled static_pages.css  (122ms)  (pid 7383)
Compiled application.css  (134ms)  (pid 7383)
Compiled static_pages.js  (1025ms)  (pid 7383)
Compiled application.js  (1036ms)  (pid 7383)
Completed 200 OK in 1433ms (Views: 1432.6ms | ActiveRecord: 0.0ms)


Started GET "/assets/application.css?body=1" for 127.0.0.1 at 2013-05-01 20:28:26 -0300
Served asset /application.css - 304 Not Modified (64ms)


Started GET "/assets/jquery_ujs.js?body=1" for 127.0.0.1 at 2013-05-01 20:28:26 -0300
Served asset /jquery_ujs.js - 304 Not Modified (5ms)


Started GET "/assets/jquery.js?body=1" for 127.0.0.1 at 2013-05-01 20:28:27 -0300
Served asset /jquery.js - 304 Not Modified (3ms)


Started GET "/assets/users.css?body=1" for 127.0.0.1 at 2013-05-01 20:28:27 -0300
Served asset /users.css - 304 Not Modified (11ms)


Started GET "/assets/static_pages.css?body=1" for 127.0.0.1 at 2013-05-01 20:28:27 -0300
Served asset /static_pages.css - 200 OK (2ms)


Started GET "/assets/scaffolds.css?body=1" for 127.0.0.1 at 2013-05-01 20:28:27 -0300
Served asset /scaffolds.css - 304 Not Modified (1ms)


Started GET "/assets/static_pages.js?body=1" for 127.0.0.1 at 2013-05-01 20:28:27 -0300
Served asset /static_pages.js - 200 OK (5ms)


Started GET "/assets/users.js?body=1" for 127.0.0.1 at 2013-05-01 20:28:27 -0300
Served asset /users.js - 304 Not Modified (9ms)


Started GET "/assets/application.js?body=1" for 127.0.0.1 at 2013-05-01 20:28:27 -0300
Served asset /application.js - 304 Not Modified (128ms)
Connecting to database specified by database.yml
Connecting to database specified by database.yml


Started GET "/static_pages/home" for 127.0.0.1 at 2013-05-01 20:34:55 -0300
Processing by StaticPagesController#home as HTML
  Rendered static_pages/home.html.erb within layouts/application (1.4ms)
Completed 200 OK in 160ms (Views: 159.3ms | ActiveRecord: 0.0ms)


Started GET "/assets/application.css?body=1" for 127.0.0.1 at 2013-05-01 20:34:56 -0300
Served asset /application.css - 304 Not Modified (15ms)


Started GET "/assets/scaffolds.css?body=1" for 127.0.0.1 at 2013-05-01 20:34:56 -0300
Served asset /scaffolds.css - 304 Not Modified (20ms)


Started GET "/assets/users.css?body=1" for 127.0.0.1 at 2013-05-01 20:34:56 -0300
Served asset /users.css - 304 Not Modified (14ms)


Started GET "/assets/static_pages.css?body=1" for 127.0.0.1 at 2013-05-01 20:34:56 -0300
Served asset /static_pages.css - 304 Not Modified (8ms)


Started GET "/assets/jquery.js?body=1" for 127.0.0.1 at 2013-05-01 20:34:56 -0300
Served asset /jquery.js - 304 Not Modified (22ms)


Started GET "/assets/static_pages.js?body=1" for 127.0.0.1 at 2013-05-01 20:34:56 -0300
Served asset /static_pages.js - 304 Not Modified (11ms)


Started GET "/assets/users.js?body=1" for 127.0.0.1 at 2013-05-01 20:34:56 -0300
Served asset /users.js - 304 Not Modified (10ms)


Started GET "/assets/jquery_ujs.js?body=1" for 127.0.0.1 at 2013-05-01 20:34:56 -0300
Served asset /jquery_ujs.js - 304 Not Modified (20ms)


Started GET "/assets/application.js?body=1" for 127.0.0.1 at 2013-05-01 20:34:56 -0300
Served asset /application.js - 304 Not Modified (49ms)


Started GET "/assets/jquery.js?body=1" for 127.0.0.1 at 2013-05-01 20:34:56 -0300
Served asset /jquery.js - 304 Not Modified (0ms)


Started GET "/assets/jquery_ujs.js?body=1" for 127.0.0.1 at 2013-05-01 20:34:57 -0300
Served asset /jquery_ujs.js - 304 Not Modified (0ms)


Started GET "/assets/static_pages.js?body=1" for 127.0.0.1 at 2013-05-01 20:34:57 -0300
Served asset /static_pages.js - 304 Not Modified (0ms)


Started GET "/assets/users.js?body=1" for 127.0.0.1 at 2013-05-01 20:34:57 -0300
Served asset /users.js - 304 Not Modified (0ms)


Started GET "/assets/application.js?body=1" for 127.0.0.1 at 2013-05-01 20:34:57 -0300
Served asset /application.js - 304 Not Modified (4ms)


Started GET "/static_pages/help" for 127.0.0.1 at 2013-05-01 20:35:05 -0300
Processing by StaticPagesController#help as HTML
  Rendered static_pages/help.html.erb within layouts/application (0.5ms)
Completed 200 OK in 107ms (Views: 106.5ms | ActiveRecord: 0.0ms)


Started GET "/assets/application.css?body=1" for 127.0.0.1 at 2013-05-01 20:35:05 -0300
Served asset /application.css - 304 Not Modified (152ms)


Started GET "/assets/scaffolds.css?body=1" for 127.0.0.1 at 2013-05-01 20:35:05 -0300
Served asset /scaffolds.css - 304 Not Modified (0ms)


Started GET "/assets/static_pages.css?body=1" for 127.0.0.1 at 2013-05-01 20:35:05 -0300
Served asset /static_pages.css - 304 Not Modified (0ms)


Started GET "/assets/users.css?body=1" for 127.0.0.1 at 2013-05-01 20:35:05 -0300
Served asset /users.css - 304 Not Modified (0ms)


Started GET "/assets/jquery_ujs.js?body=1" for 127.0.0.1 at 2013-05-01 20:35:05 -0300
Served asset /jquery_ujs.js - 304 Not Modified (0ms)


Started GET "/assets/jquery.js?body=1" for 127.0.0.1 at 2013-05-01 20:35:05 -0300
Served asset /jquery.js - 304 Not Modified (0ms)


Started GET "/assets/static_pages.js?body=1" for 127.0.0.1 at 2013-05-01 20:35:05 -0300
Served asset /static_pages.js - 304 Not Modified (0ms)


Started GET "/assets/application.js?body=1" for 127.0.0.1 at 2013-05-01 20:35:05 -0300
Served asset /application.js - 304 Not Modified (1ms)


Started GET "/assets/users.js?body=1" for 127.0.0.1 at 2013-05-01 20:35:05 -0300
Served asset /users.js - 304 Not Modified (0ms)


Started GET "/assets/jquery.js?body=1" for 127.0.0.1 at 2013-05-01 20:35:05 -0300
Served asset /jquery.js - 304 Not Modified (0ms)


Started GET "/assets/jquery_ujs.js?body=1" for 127.0.0.1 at 2013-05-01 20:35:05 -0300
Served asset /jquery_ujs.js - 304 Not Modified (2ms)


Started GET "/assets/static_pages.js?body=1" for 127.0.0.1 at 2013-05-01 20:35:06 -0300
Served asset /static_pages.js - 304 Not Modified (4ms)


Started GET "/assets/users.js?body=1" for 127.0.0.1 at 2013-05-01 20:35:06 -0300
Served asset /users.js - 304 Not Modified (0ms)


Started GET "/assets/application.js?body=1" for 127.0.0.1 at 2013-05-01 20:35:06 -0300
Served asset /application.js - 304 Not Modified (1ms)


Started GET "/static_pages/home" for 127.0.0.1 at 2013-05-01 20:35:42 -0300
Processing by StaticPagesController#home as HTML
  Rendered static_pages/home.html.erb within layouts/application (0.1ms)
Completed 200 OK in 75ms (Views: 70.8ms | ActiveRecord: 0.0ms)


Started GET "/assets/application.css?body=1" for 127.0.0.1 at 2013-05-01 20:35:42 -0300
Served asset /application.css - 304 Not Modified (0ms)


Started GET "/assets/scaffolds.css?body=1" for 127.0.0.1 at 2013-05-01 20:35:42 -0300
Served asset /scaffolds.css - 304 Not Modified (0ms)


Started GET "/assets/jquery_ujs.js?body=1" for 127.0.0.1 at 2013-05-01 20:35:42 -0300
Served asset /jquery_ujs.js - 304 Not Modified (0ms)


Started GET "/assets/jquery.js?body=1" for 127.0.0.1 at 2013-05-01 20:35:42 -0300
Served asset /jquery.js - 304 Not Modified (0ms)


Started GET "/assets/users.css?body=1" for 127.0.0.1 at 2013-05-01 20:35:42 -0300
Served asset /users.css - 304 Not Modified (0ms)


Started GET "/assets/users.js?body=1" for 127.0.0.1 at 2013-05-01 20:35:42 -0300
Served asset /users.js - 304 Not Modified (0ms)


Started GET "/assets/static_pages.css?body=1" for 127.0.0.1 at 2013-05-01 20:35:42 -0300
Served asset /static_pages.css - 304 Not Modified (3ms)


Started GET "/assets/static_pages.js?body=1" for 127.0.0.1 at 2013-05-01 20:35:42 -0300
Served asset /static_pages.js - 304 Not Modified (0ms)


Started GET "/assets/application.js?body=1" for 127.0.0.1 at 2013-05-01 20:35:42 -0300
Served asset /application.js - 304 Not Modified (1ms)
Connecting to database specified by database.yml


Started GET "/static_pages/home" for 127.0.0.1 at 2013-05-01 20:50:02 -0300
Processing by StaticPagesController#home as HTML
  Rendered static_pages/home.html.erb within layouts/application (1.4ms)
Completed 200 OK in 127ms (Views: 126.1ms | ActiveRecord: 0.0ms)


Started GET "/assets/application.css?body=1" for 127.0.0.1 at 2013-05-01 20:50:02 -0300
Served asset /application.css - 304 Not Modified (52ms)


Started GET "/assets/users.css?body=1" for 127.0.0.1 at 2013-05-01 20:50:02 -0300
Served asset /users.css - 304 Not Modified (125ms)


Started GET "/assets/static_pages.css?body=1" for 127.0.0.1 at 2013-05-01 20:50:03 -0300
Served asset /static_pages.css - 304 Not Modified (9ms)


Started GET "/assets/scaffolds.css?body=1" for 127.0.0.1 at 2013-05-01 20:50:03 -0300
Served asset /scaffolds.css - 304 Not Modified (1ms)


Started GET "/assets/jquery_ujs.js?body=1" for 127.0.0.1 at 2013-05-01 20:50:03 -0300
Served asset /jquery_ujs.js - 304 Not Modified (2ms)


Started GET "/assets/jquery.js?body=1" for 127.0.0.1 at 2013-05-01 20:50:03 -0300
Served asset /jquery.js - 304 Not Modified (9ms)


Started GET "/assets/static_pages.js?body=1" for 127.0.0.1 at 2013-05-01 20:50:03 -0300
Served asset /static_pages.js - 304 Not Modified (6ms)


Started GET "/assets/users.js?body=1" for 127.0.0.1 at 2013-05-01 20:50:03 -0300
Served asset /users.js - 304 Not Modified (2ms)


Started GET "/assets/application.js?body=1" for 127.0.0.1 at 2013-05-01 20:50:03 -0300
Served asset /application.js - 304 Not Modified (30ms)


Started GET "/static_pages/home" for 127.0.0.1 at 2013-05-01 20:50:13 -0300
Processing by StaticPagesController#home as HTML
  Rendered static_pages/home.html.erb within layouts/application (0.1ms)
Completed 200 OK in 57ms (Views: 56.6ms | ActiveRecord: 0.0ms)


Started GET "/assets/application.css?body=1" for 127.0.0.1 at 2013-05-01 20:50:13 -0300
Served asset /application.css - 304 Not Modified (0ms)


Started GET "/assets/scaffolds.css?body=1" for 127.0.0.1 at 2013-05-01 20:50:13 -0300
Served asset /scaffolds.css - 304 Not Modified (0ms)


Started GET "/assets/static_pages.css?body=1" for 127.0.0.1 at 2013-05-01 20:50:13 -0300
Served asset /static_pages.css - 304 Not Modified (0ms)


Started GET "/assets/jquery.js?body=1" for 127.0.0.1 at 2013-05-01 20:50:13 -0300
Served asset /jquery.js - 304 Not Modified (0ms)


Started GET "/assets/users.css?body=1" for 127.0.0.1 at 2013-05-01 20:50:13 -0300
Served asset /users.css - 304 Not Modified (3ms)


Started GET "/assets/jquery_ujs.js?body=1" for 127.0.0.1 at 2013-05-01 20:50:13 -0300
Served asset /jquery_ujs.js - 304 Not Modified (0ms)


Started GET "/assets/static_pages.js?body=1" for 127.0.0.1 at 2013-05-01 20:50:13 -0300
Served asset /static_pages.js - 304 Not Modified (0ms)


Started GET "/assets/application.js?body=1" for 127.0.0.1 at 2013-05-01 20:50:13 -0300
Served asset /application.js - 304 Not Modified (1ms)


Started GET "/assets/users.js?body=1" for 127.0.0.1 at 2013-05-01 20:50:13 -0300
Served asset /users.js - 304 Not Modified (0ms)
Connecting to database specified by database.yml


Started GET "/static_pages/home" for 127.0.0.1 at 2013-05-01 20:54:31 -0300
Processing by StaticPagesController#home as HTML
  Rendered static_pages/home.html.erb within layouts/application (6.3ms)
Completed 200 OK in 126ms (Views: 125.7ms | ActiveRecord: 0.0ms)


Started GET "/assets/application.css?body=1" for 127.0.0.1 at 2013-05-01 20:54:31 -0300
Served asset /application.css - 304 Not Modified (41ms)


Started GET "/assets/jquery.js?body=1" for 127.0.0.1 at 2013-05-01 20:54:31 -0300
Served asset /jquery.js - 304 Not Modified (140ms)


Started GET "/assets/users.css?body=1" for 127.0.0.1 at 2013-05-01 20:54:31 -0300
Served asset /users.css - 304 Not Modified (1ms)


Started GET "/assets/static_pages.css?body=1" for 127.0.0.1 at 2013-05-01 20:54:31 -0300
Served asset /static_pages.css - 304 Not Modified (26ms)


Started GET "/assets/scaffolds.css?body=1" for 127.0.0.1 at 2013-05-01 20:54:31 -0300
Served asset /scaffolds.css - 304 Not Modified (3ms)


Started GET "/assets/jquery_ujs.js?body=1" for 127.0.0.1 at 2013-05-01 20:54:32 -0300
Served asset /jquery_ujs.js - 304 Not Modified (2ms)


Started GET "/assets/static_pages.js?body=1" for 127.0.0.1 at 2013-05-01 20:54:32 -0300
Served asset /static_pages.js - 304 Not Modified (1ms)


Started GET "/assets/users.js?body=1" for 127.0.0.1 at 2013-05-01 20:54:32 -0300
Served asset /users.js - 304 Not Modified (5ms)


Started GET "/assets/application.js?body=1" for 127.0.0.1 at 2013-05-01 20:54:32 -0300
Served asset /application.js - 304 Not Modified (17ms)


Started GET "/assets/rails.png" for 127.0.0.1 at 2013-05-01 20:54:32 -0300
Served asset /rails.png - 304 Not Modified (10ms)
Connecting to database specified by database.yml


Started GET "/static_pages/home" for 127.0.0.1 at 2013-05-01 20:58:33 -0300
Processing by StaticPagesController#home as HTML
  Rendered static_pages/home.html.erb within layouts/application (8.6ms)
Compiled custom.css  (6740ms)  (pid 7642)
Compiled application.css  (6775ms)  (pid 7642)
Completed 200 OK in 7079ms (Views: 7078.3ms | ActiveRecord: 0.0ms)


Started GET "/assets/application.css?body=1" for 127.0.0.1 at 2013-05-01 20:58:40 -0300
Served asset /application.css - 304 Not Modified (87ms)


Started GET "/assets/custom.css?body=1" for 127.0.0.1 at 2013-05-01 20:58:40 -0300
Served asset /custom.css - 200 OK (42ms)


Started GET "/assets/jquery.js?body=1" for 127.0.0.1 at 2013-05-01 20:58:40 -0300
Served asset /jquery.js - 304 Not Modified (11ms)


Started GET "/assets/users.css?body=1" for 127.0.0.1 at 2013-05-01 20:58:40 -0300
Served asset /users.css - 304 Not Modified (15ms)


Started GET "/assets/static_pages.css?body=1" for 127.0.0.1 at 2013-05-01 20:58:40 -0300
Served asset /static_pages.css - 304 Not Modified (2ms)


Started GET "/assets/scaffolds.css?body=1" for 127.0.0.1 at 2013-05-01 20:58:40 -0300
Served asset /scaffolds.css - 304 Not Modified (2ms)


Started GET "/assets/jquery_ujs.js?body=1" for 127.0.0.1 at 2013-05-01 20:58:40 -0300
Served asset /jquery_ujs.js - 304 Not Modified (10ms)


Started GET "/assets/static_pages.js?body=1" for 127.0.0.1 at 2013-05-01 20:58:40 -0300
Served asset /static_pages.js - 304 Not Modified (2ms)


Started GET "/assets/application.js?body=1" for 127.0.0.1 at 2013-05-01 20:58:40 -0300
Served asset /application.js - 304 Not Modified (36ms)


Started GET "/assets/users.js?body=1" for 127.0.0.1 at 2013-05-01 20:58:40 -0300
Served asset /users.js - 304 Not Modified (11ms)


Started GET "/assets/rails.png" for 127.0.0.1 at 2013-05-01 20:58:41 -0300
Served asset /rails.png - 304 Not Modified (4ms)
